11:28:59.625 skipping bootstrap configuration: could not find or read file: classpath:karate-config.js
00:01:58.617 ignoring dynamic expression, did not evaluate to list: read('../Data/userData.xlsx') - [type: INPUT_STREAM, value: java.io.FileInputStream@2e04bdb5]
e-HttpClient/4.5.11 (Java/14.0.2)

11:11:02.864 response time in milliseconds: 309.06
1 < 200
1 < Access-Control-Allow-Origin: *
1 < Age: 4257
1 < CF-Cache-Status: HIT
1 < CF-RAY: 5b8518399ee6e660-LHR
1 < Cache-Control: max-age=14400
1 < Connection: keep-alive
1 < Content-Type: application/json; charset=utf-8
1 < Date: Sat, 25 Jul 2020 10:11:03 GMT
1 < Etag: W/"173-1Z8bn0V7UjH6FK7NCaza1ccWXQk"
1 < Expect-CT: max-age=604800, report-uri="https://report-uri.cloudflare.com/cdn-cgi/beacon/expect-ct"
1 < Server: cloudflare
1 < Set-Cookie: __cfduid=d06009c939f5b77c11ab39177c77620ff1595671863; expires=Mon, 24-Aug-20 10:11:03 GMT; path=/; domain=.reqres.in; HttpOnly; SameSite=Lax; Secure
1 < Transfer-Encoding: chunked
1 < Vary: Accept-Encoding
1 < Via: 1.1 vegur
1 < X-Powered-By: Express
1 < cf-request-id: 04270d78000000e660a1924200000001
{"data":{"id":2,"email":"janet.weaver@reqres.in","first_name":"Janet","last_name":"Weaver","avatar":"https://s3.amazonaws.com/uifaces/faces/twitter/josephstein/128.jpg"},"ad":{"company":"StatusCode Weekly","url":"http://statuscode.org/","text":"A weekly newsletter focusing on software development, infrastructure, the server, performance, and the stack end of things."}}

11:11:02.866 [print] {
  "ad": {
    "company": "StatusCode Weekly",
    "text": "A weekly newsletter focusing on software development, infrastructure, the server, performance, and the stack end of things.",
    "url": "http://statuscode.org/"
  },
  "data": {
    "last_name": "Weaver",
    "id": 2,
    "avatar": "https://s3.amazonaws.com/uifaces/faces/twitter/josephstein/128.jpg",
    "first_name": "Janet",
    "email": "janet.weaver@reqres.in"
  }
}

11:11:02.872 request:
1 > GET https://reqres.in/api/users/3
1 > Accept-Encoding: gzip,deflate
1 > Connection: Keep-Alive
1 > Host: reqres.in
1 > User-Agent: Apache-HttpClient/4.5.11 (Java/14.0.2)

11:11:03.168 response time in milliseconds: 294.79
1 < 200
1 < Access-Control-Allow-Origin: *
1 < Age: 287
1 < CF-Cache-Status: HIT
1 < CF-RAY: 5b85183b8c35e608-LHR
1 < Cache-Control: max-age=14400
1 < Connection: keep-alive
1 < Content-Type: application/json; charset=utf-8
1 < Date: Sat, 25 Jul 2020 10:11:03 GMT
1 < Etag: W/"16e-/dQyOreIv6pEupp8RbP+u+utK/A"
1 < Expect-CT: max-age=604800, report-uri="https://report-uri.cloudflare.com/cdn-cgi/beacon/expect-ct"
1 < Server: cloudflare
1 < Set-Cookie: __cfduid=d6f1e05d1a0486c336600417a58455e7e1595671863; expires=Mon, 24-Aug-20 10:11:03 GMT; path=/; domain=.reqres.in; HttpOnly; SameSite=Lax; Secure
1 < Transfer-Encoding: chunked
1 < Vary: Accept-Encoding
1 < Via: 1.1 vegur
1 < X-Powered-By: Express
1 < cf-request-id: 04270d79340000e60828318200000001
{"data":{"id":3,"email":"emma.wong@reqres.in","first_name":"Emma","last_name":"Wong","avatar":"https://s3.amazonaws.com/uifaces/faces/twitter/olegpogodaev/128.jpg"},"ad":{"company":"StatusCode Weekly","url":"http://statuscode.org/","text":"A weekly newsletter focusing on software development, infrastructure, the server, performance, and the stack end of things."}}

11:11:03.170 [print] {
  "ad": {
    "company": "StatusCode Weekly",
    "text": "A weekly newsletter focusing on software development, infrastructure, the server, performance, and the stack end of things.",
    "url": "http://statuscode.org/"
  },
  "data": {
    "last_name": "Wong",
    "id": 3,
    "avatar": "https://s3.amazonaws.com/uifaces/faces/twitter/olegpogodaev/128.jpg",
    "first_name": "Emma",
    "email": "emma.wong@reqres.in"
  }
}

11:11:03.210 [print] result_first ---- {
  "exp_output": [
    {
      "data": {
        "id": 2,
        "email": "janet.weaver@reqres.in",
        "first_name": "#ignore",
        "last_name": "Weaver",
        "avatar": "https://s3.amazonaws.com/uifaces/faces/twitter/josephstein/128.jpg"
      },
      "ad": {
        "company": "StatusCode Weekly",
        "url": "http://statuscode.org/",
        "text": "A weekly newsletter focusing on software development, infrastructure, the server, performance, and the stack end of things."
      }
    },
    {
      "data": {
        "id": 3,
        "email": "emma.wong@reqres.in",
        "first_name": "Emma",
        "last_name": "Wong",
        "avatar": "https://s3.amazonaws.com/uifaces/faces/twitter/olegpogodaev/128.jpg"
      },
      "ad": {
        "company": "StatusCode Weekly",
        "url": "http://statuscode.org/",
        "text": "A weekly newsletter focusing on software development, infrastructure, the server, performance, and the stack end of things."
      }
    }
  ],
  "__arg": null,
  "responseType": "json",
  "responseHeaders": {
    "Date": [
      "Sat, 25 Jul 2020 10:11:03 GMT"
    ],
    "Content-Type": [
      "application/json; charset=utf-8"
    ],
    "Transfer-Encoding": [
      "chunked"
    ],
    "Connection": [
      "keep-alive"
    ],
    "Set-Cookie": [
      "__cfduid=d06009c939f5b77c11ab39177c77620ff1595671863; expires=Mon, 24-Aug-20 10:11:03 GMT; path=/; domain=.reqres.in; HttpOnly; SameSite=Lax; Secure"
    ],
    "X-Powered-By": [
      "Express"
    ],
    "Access-Control-Allow-Origin": [
      "*"
    ],
    "Etag": [
      "W/\"173-1Z8bn0V7UjH6FK7NCaza1ccWXQk\""
    ],
    "Via": [
      "1.1 vegur"
    ],
    "Cache-Control": [
      "max-age=14400"
    ],
    "CF-Cache-Status": [
      "HIT"
    ],
    "Age": [
      "4257"
    ],
    "cf-request-id": [
      "04270d78000000e660a1924200000001"
    ],
    "Expect-CT": [
      "max-age=604800, report-uri=\"https://report-uri.cloudflare.com/cdn-cgi/beacon/expect-ct\""
    ],
    "Vary": [
      "Accept-Encoding"
    ],
    "Server": [
      "cloudflare"
    ],
    "CF-RAY": [
      "5b8518399ee6e660-LHR"
    ]
  },
  "responseTime": 309,
  "response": {
    "ad": {
      "company": "StatusCode Weekly",
      "text": "A weekly newsletter focusing on software development, infrastructure, the server, performance, and the stack end of things.",
      "url": "http://statuscode.org/"
    },
    "data": {
      "last_name": "Weaver",
      "id": 2,
      "avatar": "https://s3.amazonaws.com/uifaces/faces/twitter/josephstein/128.jpg",
      "first_name": "Janet",
      "email": "janet.weaver@reqres.in"
    }
  },
  "requestTimeStamp": 1595671862554,
  "responseStatus": 200,
  "__loop": -1,
  "responseCookies": {
    "__cfduid": {
      "name": "__cfduid",
      "value": "d06009c939f5b77c11ab39177c77620ff1595671863",
      "domain": "reqres.in",
      "path": "/",
      "expires": "1598263863000",
      "persistent": "true",
      "secure": "true"
    }
  }
}

11:11:03.231 [print] response_firstAPI --

